<?xml version="1.0" encoding="UTF-8"?>
<!-- Generated by org.testng.reporters.JUnitReportReporter -->
<testsuite hostname="sach.local" name="market_nh98.market" tests="1" failures="0" timestamp="29 Jan 2017 12:08:47 GMT" time="24.634" errors="0">
  <testcase name="marketload" time="24.634" classname="market_nh98.market"/>
</testsuite> <!-- market_nh98.market -->
